#
# There is insufficient memory for the Java Runtime Environment to continue.
# Native memory allocation (malloc) failed to allocate 77104 bytes for Chunk::new
# Possible reasons:
#   The system is out of physical RAM or swap space
#   In 32 bit mode, the process size limit was hit
# Possible solutions:
#   Reduce memory load on the system
#   Increase physical memory or swap space
#   Check if swap backing store is full
#   Use 64 bit Java on a 64 bit OS
#   Decrease Java heap size (-Xmx/-Xms)
#   Decrease number of Java threads
#   Decrease Java thread stack sizes (-Xss)
#   Set larger code cache with -XX:ReservedCodeCacheSize=
# This output file may be truncated or incomplete.
#
#  Out of Memory Error (allocation.cpp:323), pid=34492, tid=33800
#
# JRE version: Java(TM) SE Runtime Environment (7.0_75-b13) (build 1.7.0_75-b13)
# Java VM: Java HotSpot(TM) 64-Bit Server VM (24.75-b04 mixed mode windows-amd64 compressed oops)
# Failed to write core dump. Minidumps are not enabled by default on client versions of Windows
#

---------------  T H R E A D  ---------------

Current thread (0x000000000838f800):  JavaThread "C2 CompilerThread0" daemon [_thread_in_native, id=33800, stack(0x00000000092e0000,0x00000000093e0000)]

Stack: [0x00000000092e0000,0x00000000093e0000]
[error occurred during error reporting (printing stack bounds), id 0xc0000005]


[error occurred during error reporting (printing native stack), id 0xc0000005]


Current CompileTask:
C2:   2725  327             com.android.dx.merge.IndexMap$EncodedValueTransformer::transform (495 bytes)


---------------  P R O C E S S  ---------------

Java Threads: ( => current thread )
  0x00000000083a1000 JavaThread "Service Thread" daemon [_thread_blocked, id=34808, stack(0x00000000094e0000,0x00000000095e0000)]
  0x000000000839f000 JavaThread "C2 CompilerThread1" daemon [_thread_in_native, id=34812, stack(0x00000000093e0000,0x00000000094e0000)]
=>0x000000000838f800 JavaThread "C2 CompilerThread0" daemon [_thread_in_native, id=33800, stack(0x00000000092e0000,0x00000000093e0000)]
  0x000000000838d800 JavaThread "Attach Listener" daemon [_thread_blocked, id=34740, stack(0x00000000091e0000,0x00000000092e0000)]
  0x000000000838a000 JavaThread "Signal Dispatcher" daemon [_thread_blocked, id=34752, stack(0x00000000090e0000,0x00000000091e0000)]
  0x0000000008359000 JavaThread "Finalizer" daemon [_thread_blocked, id=34364, stack(0x0000000008fe0000,0x00000000090e0000)]
  0x0000000008350800 JavaThread "Reference Handler" daemon [_thread_blocked, id=34532, stack(0x0000000008ee0000,0x0000000008fe0000)]
  0x000000000249d800 JavaThread "main" [_thread_in_Java, id=34120, stack(0x00000000024b0000,0x00000000025b0000)]

Other Threads:
  0x000000000834c800 VMThread [stack: 0x0000000008de0000,0x0000000008ee0000] [id=34744]
  0x00000000083aa000 WatcherThread [stack: 0x00000000095e0000,0x00000000096e0000] [id=34576]

VM state:not at safepoint (normal execution)

VM Mutex/Monitor currently owned by a thread: None

Heap
 PSYoungGen      total 14336K, used 14208K [0x00000000eaa80000, 0x00000000eba80000, 0x0000000100000000)
  eden space 12288K, 99% used [0x00000000eaa80000,0x00000000eb663630,0x00000000eb680000)
  from space 2048K, 99% used [0x00000000eb680000,0x00000000eb87cd88,0x00000000eb880000)
  to   space 2048K, 0% used [0x00000000eb880000,0x00000000eb880000,0x00000000eba80000)
 ParOldGen       total 31744K, used 6997K [0x00000000c0000000, 0x00000000c1f00000, 0x00000000eaa80000)
  object space 31744K, 22% used [0x00000000c0000000,0x00000000c06d5430,0x00000000c1f00000)
 PSPermGen       total 21504K, used 6571K [0x00000000bae00000, 0x00000000bc300000, 0x00000000c0000000)
  object space 21504K, 30% used [0x00000000bae00000,0x00000000bb46af80,0x00000000bc300000)

Card table byte_map: [0x00000000057e0000,0x0000000005a10000] byte_map_base: 0x0000000005209000

Polling page: 0x00000000025b0000

Code Cache  [0x0000000002720000, 0x0000000002990000, 0x0000000005720000)
 total_blobs=591 nmethods=336 adapters=208 free_code_cache=48264Kb largest_free_block=49388288

Compilation events (10 events):
Event: 2.645 Thread 0x000000000838f800 nmethod 325 0x00000000027f9110 code [0x00000000027f9260, 0x00000000027f9338]
Event: 2.645 Thread 0x000000000838f800  326             com.android.dex.FieldId::compareTo (58 bytes)
Event: 2.646 Thread 0x000000000838f800 nmethod 326 0x00000000027fcd90 code [0x00000000027fcec0, 0x00000000027fcf78]
Event: 2.650 Thread 0x000000000839f000 nmethod 324 0x00000000027fd7d0 code [0x00000000027fd960, 0x00000000027fde68]
Event: 2.654 Thread 0x000000000838f800  327             com.android.dx.merge.IndexMap$EncodedValueTransformer::transform (495 bytes)
Event: 2.655 Thread 0x000000000839f000  328             com.android.dex.EncodedValueCodec::writeUnsignedIntegralValue (66 bytes)
Event: 2.678 Thread 0x000000000839f000 nmethod 328 0x00000000028007d0 code [0x0000000002800940, 0x0000000002801118]
Event: 2.682 Thread 0x000000000839f000  329             com.android.dx.merge.IndexMap$EncodedValueTransformer::transformArray (32 bytes)
Event: 2.684 Thread 0x000000000839f000 nmethod 329 0x0000000002801890 code [0x0000000002801a00, 0x0000000002801b30]
Event: 2.685 Thread 0x000000000839f000  330             com.android.dex.EncodedValueReader::readInt (22 bytes)

GC Heap History (6 events):
Event: 1.196 GC heap before
{Heap before GC invocations=1 (full 0):
 PSYoungGen      total 14336K, used 12288K [0x00000000eaa80000, 0x00000000eba80000, 0x0000000100000000)
  eden space 12288K, 100% used [0x00000000eaa80000,0x00000000eb680000,0x00000000eb680000)
  from space 2048K, 0% used [0x00000000eb880000,0x00000000eb880000,0x00000000eba80000)
  to   space 2048K, 0% used [0x00000000eb680000,0x00000000eb680000,0x00000000eb880000)
 ParOldGen       total 31744K, used 0K [0x00000000c0000000, 0x00000000c1f00000, 0x00000000eaa80000)
  object space 31744K, 0% used [0x00000000c0000000,0x00000000c0000000,0x00000000c1f00000)
 PSPermGen       total 21504K, used 4886K [0x00000000bae00000, 0x00000000bc300000, 0x00000000c0000000)
  object space 21504K, 22% used [0x00000000bae00000,0x00000000bb2c5ae0,0x00000000bc300000)
Event: 1.211 GC heap after
Heap after GC invocations=1 (full 0):
 PSYoungGen      total 14336K, used 2019K [0x00000000eaa80000, 0x00000000eba80000, 0x0000000100000000)
  eden space 12288K, 0% used [0x00000000eaa80000,0x00000000eaa80000,0x00000000eb680000)
  from space 2048K, 98% used [0x00000000eb680000,0x00000000eb878f28,0x00000000eb880000)
  to   space 2048K, 0% used [0x00000000eb880000,0x00000000eb880000,0x00000000eba80000)
 ParOldGen       total 31744K, used 1993K [0x00000000c0000000, 0x00000000c1f00000, 0x00000000eaa80000)
  object space 31744K, 6% used [0x00000000c0000000,0x00000000c01f25f8,0x00000000c1f00000)
 PSPermGen       total 21504K, used 4886K [0x00000000bae00000, 0x00000000bc300000, 0x00000000c0000000)
  object space 21504K, 22% used [0x00000000bae00000,0x00000000bb2c5ae0,0x00000000bc300000)
}
Event: 1.897 GC heap before
{Heap before GC invocations=2 (full 0):
 PSYoungGen      total 14336K, used 14307K [0x00000000eaa80000, 0x00000000eba80000, 0x0000000100000000)
  eden space 12288K, 100% used [0x00000000eaa80000,0x00000000eb680000,0x00000000eb680000)
  from space 2048K, 98% used [0x00000000eb680000,0x00000000eb878f28,0x00000000eb880000)
  to   space 2048K, 0% used [0x00000000eb880000,0x00000000eb880000,0x00000000eba80000)
 ParOldGen       total 31744K, used 1993K [0x00000000c0000000, 0x00000000c1f00000, 0x00000000eaa80000)
  object space 31744K, 6% used [0x00000000c0000000,0x00000000c01f25f8,0x00000000c1f00000)
 PSPermGen       total 21504K, used 6491K [0x00000000bae00000, 0x00000000bc300000, 0x00000000c0000000)
  object space 21504K, 30% used [0x00000000bae00000,0x00000000bb456e40,0x00000000bc300000)
Event: 1.910 GC heap after
Heap after GC invocations=2 (full 0):
 PSYoungGen      total 14336K, used 2021K [0x00000000eaa80000, 0x00000000eba80000, 0x0000000100000000)
  eden space 12288K, 0% used [0x00000000eaa80000,0x00000000eaa80000,0x00000000eb680000)
  from space 2048K, 98% used [0x00000000eb880000,0x00000000eba79660,0x00000000eba80000)
  to   space 2048K, 0% used [0x00000000eb680000,0x00000000eb680000,0x00000000eb880000)
 ParOldGen       total 31744K, used 5069K [0x00000000c0000000, 0x00000000c1f00000, 0x00000000eaa80000)
  object space 31744K, 15% used [0x00000000c0000000,0x00000000c04f36d8,0x00000000c1f00000)
 PSPermGen       total 21504K, used 6491K [0x00000000bae00000, 0x00000000bc300000, 0x00000000c0000000)
  object space 21504K, 30% used [0x00000000bae00000,0x00000000bb456e40,0x00000000bc300000)
}
Event: 2.517 GC heap before
{Heap before GC invocations=3 (full 0):
 PSYoungGen      total 14336K, used 14309K [0x00000000eaa80000, 0x00000000eba80000, 0x0000000100000000)
  eden space 12288K, 100% used [0x00000000eaa80000,0x00000000eb680000,0x00000000eb680000)
  from space 2048K, 98% used [0x00000000eb880000,0x00000000eba79660,0x00000000eba80000)
  to   space 2048K, 0% used [0x00000000eb680000,0x00000000eb680000,0x00000000eb880000)
 ParOldGen       total 31744K, used 5069K [0x00000000c0000000, 0x00000000c1f00000, 0x00000000eaa80000)
  object space 31744K, 15% used [0x00000000c0000000,0x00000000c04f36d8,0x00000000c1f00000)
 PSPermGen       total 21504K, used 6549K [0x00000000bae00000, 0x00000000bc300000, 0x00000000c0000000)
  object space 21504K, 30% used [0x00000000bae00000,0x00000000bb465778,0x00000000bc300000)
Event: 2.526 GC heap after
Heap after GC invocations=3 (full 0):
 PSYoungGen      total 14336K, used 2035K [0x00000000eaa80000, 0x00000000eba80000, 0x0000000100000000)
  eden space 12288K, 0% used [0x00000000eaa80000,0x00000000eaa80000,0x00000000eb680000)
  from space 2048K, 99% used [0x00000000eb680000,0x00000000eb87cd88,0x00000000eb880000)
  to   space 2048K, 0% used [0x00000000eb880000,0x00000000eb880000,0x00000000eba80000)
 ParOldGen       total 31744K, used 6997K [0x00000000c0000000, 0x00000000c1f00000, 0x00000000eaa80000)
  object space 31744K, 22% used [0x00000000c0000000,0x00000000c06d5430,0x00000000c1f00000)
 PSPermGen       total 21504K, used 6549K [0x00000000bae00000, 0x00000000bc300000, 0x00000000c0000000)
  object space 21504K, 30% used [0x00000000bae00000,0x00000000bb465778,0x00000000bc300000)
}

Deoptimization events (5 events):
Event: 1.888 Thread 0x000000000249d800 Uncommon trap: reason=class_check action=maybe_recompile pc=0x00000000027acc20 method=com.android.dex.Leb128.readUnsignedLeb128(Lcom/android/dex/util/ByteInput;)I @ 5
Event: 1.888 Thread 0x000000000249d800 Uncommon trap: reason=class_check action=maybe_recompile pc=0x00000000027acc20 method=com.android.dex.Leb128.readUnsignedLeb128(Lcom/android/dex/util/ByteInput;)I @ 5
Event: 1.888 Thread 0x000000000249d800 Uncommon trap: reason=class_check action=maybe_recompile pc=0x00000000027acc20 method=com.android.dex.Leb128.readUnsignedLeb128(Lcom/android/dex/util/ByteInput;)I @ 5
Event: 1.888 Thread 0x000000000249d800 Uncommon trap: reason=class_check action=maybe_recompile pc=0x00000000027acc20 method=com.android.dex.Leb128.readUnsignedLeb128(Lcom/android/dex/util/ByteInput;)I @ 5
Event: 2.230 Thread 0x000000000249d800 Uncommon trap: reason=predicate action=maybe_recompile pc=0x00000000027beb54 method=com.android.dex.Leb128.readUnsignedLeb128(Lcom/android/dex/util/ByteInput;)I @ 41

Internal exceptions (10 events):
Event: 1.728 Thread 0x000000000249d800 Threw 0x00000000eb3f1a38 at C:\re\jdk7u75\1940\hotspot\src\share\vm\prims\jvm.cpp:1281
Event: 1.729 Thread 0x000000000249d800 Threw 0x00000000eb3f49b8 at C:\re\jdk7u75\1940\hotspot\src\share\vm\prims\jvm.cpp:1281
Event: 1.729 Thread 0x000000000249d800 Threw 0x00000000eb3f7a18 at C:\re\jdk7u75\1940\hotspot\src\share\vm\prims\jvm.cpp:1281
Event: 1.733 Thread 0x000000000249d800 Threw 0x00000000eb3fb270 at C:\re\jdk7u75\1940\hotspot\src\share\vm\prims\jvm.cpp:1281
Event: 1.734 Thread 0x000000000249d800 Threw 0x00000000eb3fe010 at C:\re\jdk7u75\1940\hotspot\src\share\vm\prims\jvm.cpp:1281
Event: 1.735 Thread 0x000000000249d800 Threw 0x00000000eb400f58 at C:\re\jdk7u75\1940\hotspot\src\share\vm\prims\jvm.cpp:1281
Event: 1.736 Thread 0x000000000249d800 Threw 0x00000000eb4042b8 at C:\re\jdk7u75\1940\hotspot\src\share\vm\prims\jvm.cpp:1281
Event: 1.741 Thread 0x000000000249d800 Threw 0x00000000eb40b350 at C:\re\jdk7u75\1940\hotspot\src\share\vm\prims\jvm.cpp:1281
Event: 1.742 Thread 0x000000000249d800 Threw 0x00000000eb40d428 at C:\re\jdk7u75\1940\hotspot\src\share\vm\prims\jvm.cpp:1281
Event: 2.411 Thread 0x000000000249d800 Threw 0x00000000eb573b18 at C:\re\jdk7u75\1940\hotspot\src\share\vm\prims\jvm.cpp:1281

Events (10 events):
Event: 1.888 Thread 0x000000000249d800 DEOPT UNPACKING pc=0x0000000002759064 sp=0x00000000025ae980 mode 2
Event: 1.896 Executing VM operation: ParallelGCFailedAllocation
Event: 1.910 Executing VM operation: ParallelGCFailedAllocation done
Event: 2.230 Thread 0x000000000249d800 Uncommon trap: trap_request=0xffffff86 fr.pc=0x00000000027beb54
Event: 2.230 Thread 0x000000000249d800 DEOPT PACKING pc=0x00000000027beb54 sp=0x00000000025aeac0
Event: 2.230 Thread 0x000000000249d800 DEOPT UNPACKING pc=0x0000000002759064 sp=0x00000000025aea68 mode 2
Event: 2.411 loading class 0x000000000987f9c0
Event: 2.411 loading class 0x000000000987f9c0 done
Event: 2.517 Executing VM operation: ParallelGCFailedAllocation
Event: 2.526 Executing VM operation: ParallelGCFailedAllocation done


Dynamic libraries:
0x00007ff6ee1c0000 - 0x00007ff6ee1f3000 	C:\Program Files\Java\jdk1.7.0_75\bin\java.exe
0x00007ffd6ccf0000 - 0x00007ffd6ceb1000 	C:\WINDOWS\SYSTEM32\ntdll.dll
0x00007ffd6a3d0000 - 0x00007ffd6a47d000 	C:\WINDOWS\system32\KERNEL32.DLL
0x00007ffd69a40000 - 0x00007ffd69c1d000 	C:\WINDOWS\system32\KERNELBASE.dll
0x00007ffd6cbe0000 - 0x00007ffd6cc86000 	C:\WINDOWS\system32\ADVAPI32.dll
0x00007ffd6c480000 - 0x00007ffd6c51d000 	C:\WINDOWS\system32\msvcrt.dll
0x00007ffd6cc90000 - 0x00007ffd6cceb000 	C:\WINDOWS\system32\sechost.dll
0x00007ffd6c960000 - 0x00007ffd6ca86000 	C:\WINDOWS\system32\RPCRT4.dll
0x00007ffd6c0b0000 - 0x00007ffd6c1fe000 	C:\WINDOWS\system32\USER32.dll
0x00007ffd6c7d0000 - 0x00007ffd6c956000 	C:\WINDOWS\system32\GDI32.dll
0x00007ffd620e0000 - 0x00007ffd62354000 	C:\WINDOWS\WinSxS\amd64_microsoft.windows.common-controls_6595b64144ccf1df_6.0.10240.16384_none_f41f7b285750ef43\COMCTL32.dll
0x00007ffd6c2d0000 - 0x00007ffd6c306000 	C:\WINDOWS\system32\IMM32.DLL
0x00007ffd6c320000 - 0x00007ffd6c47c000 	C:\WINDOWS\system32\MSCTF.dll
0x00000000675c0000 - 0x0000000067692000 	C:\Program Files\Java\jdk1.7.0_75\jre\bin\msvcr100.dll
0x0000000067a60000 - 0x0000000068234000 	C:\Program Files\Java\jdk1.7.0_75\jre\bin\server\jvm.dll
0x00007ffd6a6d0000 - 0x00007ffd6a6d8000 	C:\WINDOWS\system32\PSAPI.DLL
0x00007ffd631d0000 - 0x00007ffd631f3000 	C:\WINDOWS\SYSTEM32\WINMM.dll
0x00007ffd617a0000 - 0x00007ffd617a9000 	C:\WINDOWS\SYSTEM32\WSOCK32.dll
0x00007ffd631a0000 - 0x00007ffd631cc000 	C:\WINDOWS\SYSTEM32\WINMMBASE.dll
0x00007ffd6a370000 - 0x00007ffd6a3b4000 	C:\WINDOWS\system32\cfgmgr32.dll
0x00007ffd6c260000 - 0x00007ffd6c2c9000 	C:\WINDOWS\system32\ws2_32.DLL
0x00007ffd6a3c0000 - 0x00007ffd6a3c8000 	C:\WINDOWS\system32\NSI.dll
0x00007ffd67ff0000 - 0x00007ffd68017000 	C:\WINDOWS\SYSTEM32\DEVOBJ.dll
0x0000000067a50000 - 0x0000000067a5f000 	C:\Program Files\Java\jdk1.7.0_75\jre\bin\verify.dll
0x0000000067a20000 - 0x0000000067a48000 	C:\Program Files\Java\jdk1.7.0_75\jre\bin\java.dll
0x0000000067a00000 - 0x0000000067a15000 	C:\Program Files\Java\jdk1.7.0_75\jre\bin\zip.dll
0x00000000679e0000 - 0x00000000679f9000 	C:\Program Files\Java\jdk1.7.0_75\jre\bin\net.dll
0x00007ffd68f30000 - 0x00007ffd68f8d000 	C:\WINDOWS\system32\mswsock.dll
0x00000000679c0000 - 0x00000000679d1000 	C:\Program Files\Java\jdk1.7.0_75\jre\bin\nio.dll

VM Arguments:
jvm_args: -Xmx1024M -Dfile.encoding=windows-1252 -Duser.country=US -Duser.language=en -Duser.variant 
java_command: com.android.dx.command.Main --dex --output F:\Development\WorkSpace\Android\AmarLauncher\app\build\intermediates\dex\debug F:\Development\WorkSpace\Android\AmarLauncher\app\build\intermediates\classes\debug F:\Development\WorkSpace\Android\AmarLauncher\app\build\intermediates\pre-dexed\debug\support-annotations-22.2.1-2ea9d2aa7567938e446fafdf6c6482214e207896.jar F:\Development\WorkSpace\Android\AmarLauncher\app\build\intermediates\pre-dexed\debug\internal_impl-22.2.1-b1bbfe6663be4040b2b43c79740f72f57f3ad0bd.jar F:\Development\WorkSpace\Android\AmarLauncher\app\build\intermediates\pre-dexed\debug\classes-8c648e47ab3f97ef0c55f11a872c62143c7414c4.jar F:\Development\WorkSpace\Android\AmarLauncher\app\build\intermediates\pre-dexed\debug\classes-c5bddc882001c598862662620e3dd8b7c37e50c2.jar
Launcher Type: SUN_STANDARD

Environment Variables:
PATH=C:\ProgramData\Oracle\Java\javapath;C:\Program Files (x86)\Common Files\ArcSoft\Bin;C:\WINDOWS\system32;C:\WINDOWS;C:\WINDOWS\System32\Wbem;C:\WINDOWS\System32\WindowsPowerShell\v1.0\;C:\Program Files (x86)\Common Files\Ulead Systems\MPEG;C:\Program Files\Microsoft SQL Server\110\Tools\Binn\;C:\Program Files\Microsoft SQL Server\120\Tools\Binn\;C:\Program Files (x86)\Common Files\lenovo\easyplussdk\bin;C:\Program Files (x86)\CMake\bin;F:\Development\mingw\mingw64\bin;F:\Development\opencv-install\bin;C:\Program Files (x86)\Google\Chrome\Application;C:\ProgramData\Oracle\Java\javapath;C:\Program Files (x86)\Common Files\ArcSoft\Bin;C:\WINDOWS\system32;C:\WINDOWS;C:\WINDOWS\System32\Wbem;C:\WINDOWS\System32\WindowsPowerShell\v1.0\;C:\Program Files (x86)\Common Files\Ulead Systems\MPEG;C:\Program Files\Microsoft SQL Server\110\Tools\Binn\;C:\Program Files\Microsoft SQL Server\120\Tools\Binn\;C:\Program Files (x86)\Common Files\lenovo\easyplussdk\bin;F:\Software\Git\cmd;F:\Software\Git\mingw64\bin;F:\Software\Git\usr\bin
USERNAME=Md.Wahuduzzaman
OS=Windows_NT
PROCESSOR_IDENTIFIER=Intel64 Family 6 Model 23 Stepping 10, GenuineIntel



---------------  S Y S T E M  ---------------

OS: Windows 8.1 , 64 bit Build 9600 

CPU:total 2 (2 cores per cpu, 1 threads per core) family 6 model 23 stepping 10, cmov, cx8, fxsr, mmx, sse, sse2, sse3, ssse3, tsc

Memory: 4k page, physical 3072268k(221504k free), swap 4504980k(5296k free)

vm_info: Java HotSpot(TM) 64-Bit Server VM (24.75-b04) for windows-amd64 JRE (1.7.0_75-b13), built on Dec 18 2014 17:15:01 by "java_re" with unknown MS VC++:1600

time: Mon Feb 22 10:40:05 2016
elapsed time: 2 seconds

