#
# There is insufficient memory for the Java Runtime Environment to continue.
# Native memory allocation (malloc) failed to allocate 45936 bytes for Chunk::new
# Possible reasons:
#   The system is out of physical RAM or swap space
#   In 32 bit mode, the process size limit was hit
# Possible solutions:
#   Reduce memory load on the system
#   Increase physical memory or swap space
#   Check if swap backing store is full
#   Use 64 bit Java on a 64 bit OS
#   Decrease Java heap size (-Xmx/-Xms)
#   Decrease number of Java threads
#   Decrease Java thread stack sizes (-Xss)
#   Set larger code cache with -XX:ReservedCodeCacheSize=
# This output file may be truncated or incomplete.
#
#  Out of Memory Error (allocation.cpp:323), pid=19680, tid=31464
#
# JRE version: Java(TM) SE Runtime Environment (7.0_75-b13) (build 1.7.0_75-b13)
# Java VM: Java HotSpot(TM) 64-Bit Server VM (24.75-b04 mixed mode windows-amd64 compressed oops)
# Failed to write core dump. Minidumps are not enabled by default on client versions of Windows
#

---------------  T H R E A D  ---------------

Current thread (0x000000000842b800):  JavaThread "C2 CompilerThread1" daemon [_thread_in_native, id=31464, stack(0x0000000009480000,0x0000000009580000)]

Stack: [0x0000000009480000,0x0000000009580000]
[error occurred during error reporting (printing stack bounds), id 0xc0000005]


[error occurred during error reporting (printing native stack), id 0xc0000005]


Current CompileTask:
C2:    671    4             java.lang.String::replace (127 bytes)


---------------  P R O C E S S  ---------------

Java Threads: ( => current thread )
  0x0000000008431000 JavaThread "Service Thread" daemon [_thread_blocked, id=34696, stack(0x0000000009580000,0x0000000009680000)]
=>0x000000000842b800 JavaThread "C2 CompilerThread1" daemon [_thread_in_native, id=31464, stack(0x0000000009480000,0x0000000009580000)]
  0x0000000008427800 JavaThread "C2 CompilerThread0" daemon [_thread_blocked, id=34792, stack(0x0000000009380000,0x0000000009480000)]
  0x0000000008425800 JavaThread "Attach Listener" daemon [_thread_blocked, id=34636, stack(0x0000000009280000,0x0000000009380000)]
  0x0000000008422000 JavaThread "Signal Dispatcher" daemon [_thread_blocked, id=34516, stack(0x0000000009180000,0x0000000009280000)]
  0x00000000083e9000 JavaThread "Finalizer" daemon [_thread_blocked, id=33408, stack(0x0000000009080000,0x0000000009180000)]
  0x00000000083e0800 JavaThread "Reference Handler" daemon [_thread_blocked, id=33436, stack(0x0000000008f80000,0x0000000009080000)]
  0x00000000025bd800 JavaThread "main" [_thread_in_vm, id=34240, stack(0x00000000025d0000,0x00000000026d0000)]

Other Threads:
  0x00000000083dc800 VMThread [stack: 0x0000000008e80000,0x0000000008f80000] [id=29740]
  0x000000000843a000 WatcherThread [stack: 0x0000000009680000,0x0000000009780000] [id=34100]

VM state:not at safepoint (normal execution)

VM Mutex/Monitor currently owned by a thread: None

Heap
 PSYoungGen      total 14336K, used 2481K [0x00000000eaa80000, 0x00000000eba80000, 0x0000000100000000)
  eden space 12288K, 20% used [0x00000000eaa80000,0x00000000eacec480,0x00000000eb680000)
  from space 2048K, 0% used [0x00000000eb880000,0x00000000eb880000,0x00000000eba80000)
  to   space 2048K, 0% used [0x00000000eb680000,0x00000000eb680000,0x00000000eb880000)
 ParOldGen       total 31744K, used 0K [0x00000000c0000000, 0x00000000c1f00000, 0x00000000eaa80000)
  object space 31744K, 0% used [0x00000000c0000000,0x00000000c0000000,0x00000000c1f00000)
 PSPermGen       total 21504K, used 3321K [0x00000000bae00000, 0x00000000bc300000, 0x00000000c0000000)
  object space 21504K, 15% used [0x00000000bae00000,0x00000000bb13e7c8,0x00000000bc300000)

Card table byte_map: [0x0000000005890000,0x0000000005ac0000] byte_map_base: 0x00000000052b9000

Polling page: 0x0000000000d00000

Code Cache  [0x00000000027d0000, 0x0000000002a40000, 0x00000000057d0000)
 total_blobs=197 nmethods=5 adapters=146 free_code_cache=48757Kb largest_free_block=49913216

Compilation events (7 events):
Event: 0.485 Thread 0x0000000008427800    1             java.lang.String::indexOf (70 bytes)
Event: 0.495 Thread 0x000000000842b800    2             java.lang.String::hashCode (55 bytes)
Event: 0.549 Thread 0x000000000842b800 nmethod 2 0x0000000002830b50 code [0x0000000002830c80, 0x0000000002830dd8]
Event: 0.549 Thread 0x000000000842b800    3             java.lang.String::lastIndexOf (52 bytes)
Event: 0.552 Thread 0x000000000842b800 nmethod 3 0x0000000002830790 code [0x00000000028308e0, 0x0000000002830a48]
Event: 0.557 Thread 0x0000000008427800 nmethod 1 0x00000000028303d0 code [0x0000000002830520, 0x00000000028306a8]
Event: 0.580 Thread 0x000000000842b800    4             java.lang.String::replace (127 bytes)

GC Heap History (0 events):
No events

Deoptimization events (0 events):
No events

Internal exceptions (10 events):
Event: 0.536 Thread 0x00000000025bd800 Threw 0x00000000eac32600 at C:\re\jdk7u75\1940\hotspot\src\share\vm\prims\jvm.cpp:1281
Event: 0.537 Thread 0x00000000025bd800 Threw 0x00000000eac359c8 at C:\re\jdk7u75\1940\hotspot\src\share\vm\prims\jvm.cpp:1281
Event: 0.538 Thread 0x00000000025bd800 Threw 0x00000000eac38bd8 at C:\re\jdk7u75\1940\hotspot\src\share\vm\prims\jvm.cpp:1281
Event: 0.566 Thread 0x00000000025bd800 Threw 0x00000000eac3b428 at C:\re\jdk7u75\1940\hotspot\src\share\vm\prims\jvm.cpp:1281
Event: 0.568 Thread 0x00000000025bd800 Threw 0x00000000eac3d9f8 at C:\re\jdk7u75\1940\hotspot\src\share\vm\prims\jvm.cpp:1281
Event: 0.574 Thread 0x00000000025bd800 Threw 0x00000000eac49b98 at C:\re\jdk7u75\1940\hotspot\src\share\vm\prims\jvm.cpp:1281
Event: 0.575 Thread 0x00000000025bd800 Threw 0x00000000eac4fc40 at C:\re\jdk7u75\1940\hotspot\src\share\vm\prims\jvm.cpp:1281
Event: 0.576 Thread 0x00000000025bd800 Threw 0x00000000eac55a58 at C:\re\jdk7u75\1940\hotspot\src\share\vm\prims\jvm.cpp:1281
Event: 0.580 Thread 0x00000000025bd800 Threw 0x00000000eac5daf8 at C:\re\jdk7u75\1940\hotspot\src\share\vm\prims\jvm.cpp:1281
Event: 0.580 Thread 0x00000000025bd800 Threw 0x00000000eac609f0 at C:\re\jdk7u75\1940\hotspot\src\share\vm\prims\jvm.cpp:1281

Events (10 events):
Event: 0.576 loading class 0x00000000084da1c0
Event: 0.576 loading class 0x00000000084da1c0 done
Event: 0.577 loading class 0x0000000002713680
Event: 0.577 loading class 0x0000000002713680 done
Event: 0.578 loading class 0x0000000002713360
Event: 0.578 loading class 0x0000000002713360 done
Event: 0.579 loading class 0x0000000008468720
Event: 0.579 loading class 0x0000000008468720 done
Event: 0.580 loading class 0x00000000084da5c0
Event: 0.580 loading class 0x00000000084da5c0 done


Dynamic libraries:
0x00007ff6ee1c0000 - 0x00007ff6ee1f3000 	C:\Program Files\Java\jdk1.7.0_75\bin\java.exe
0x00007ffd6ccf0000 - 0x00007ffd6ceb1000 	C:\WINDOWS\SYSTEM32\ntdll.dll
0x00007ffd6a3d0000 - 0x00007ffd6a47d000 	C:\WINDOWS\system32\KERNEL32.DLL
0x00007ffd69a40000 - 0x00007ffd69c1d000 	C:\WINDOWS\system32\KERNELBASE.dll
0x00007ffd6cbe0000 - 0x00007ffd6cc86000 	C:\WINDOWS\system32\ADVAPI32.dll
0x00007ffd6c480000 - 0x00007ffd6c51d000 	C:\WINDOWS\system32\msvcrt.dll
0x00007ffd6cc90000 - 0x00007ffd6cceb000 	C:\WINDOWS\system32\sechost.dll
0x00007ffd6c960000 - 0x00007ffd6ca86000 	C:\WINDOWS\system32\RPCRT4.dll
0x00007ffd6c0b0000 - 0x00007ffd6c1fe000 	C:\WINDOWS\system32\USER32.dll
0x00007ffd6c7d0000 - 0x00007ffd6c956000 	C:\WINDOWS\system32\GDI32.dll
0x00007ffd620e0000 - 0x00007ffd62354000 	C:\WINDOWS\WinSxS\amd64_microsoft.windows.common-controls_6595b64144ccf1df_6.0.10240.16384_none_f41f7b285750ef43\COMCTL32.dll
0x00007ffd6c2d0000 - 0x00007ffd6c306000 	C:\WINDOWS\system32\IMM32.DLL
0x00007ffd6c320000 - 0x00007ffd6c47c000 	C:\WINDOWS\system32\MSCTF.dll
0x00000000675c0000 - 0x0000000067692000 	C:\Program Files\Java\jdk1.7.0_75\jre\bin\msvcr100.dll
0x0000000067a60000 - 0x0000000068234000 	C:\Program Files\Java\jdk1.7.0_75\jre\bin\server\jvm.dll
0x00007ffd6a6d0000 - 0x00007ffd6a6d8000 	C:\WINDOWS\system32\PSAPI.DLL
0x00007ffd617a0000 - 0x00007ffd617a9000 	C:\WINDOWS\SYSTEM32\WSOCK32.dll
0x00007ffd631d0000 - 0x00007ffd631f3000 	C:\WINDOWS\SYSTEM32\WINMM.dll
0x00007ffd631a0000 - 0x00007ffd631cc000 	C:\WINDOWS\SYSTEM32\WINMMBASE.dll
0x00007ffd6a370000 - 0x00007ffd6a3b4000 	C:\WINDOWS\system32\cfgmgr32.dll
0x00007ffd67ff0000 - 0x00007ffd68017000 	C:\WINDOWS\SYSTEM32\DEVOBJ.dll
0x00007ffd6c260000 - 0x00007ffd6c2c9000 	C:\WINDOWS\system32\WS2_32.dll
0x00007ffd6a3c0000 - 0x00007ffd6a3c8000 	C:\WINDOWS\system32\NSI.dll
0x0000000067a50000 - 0x0000000067a5f000 	C:\Program Files\Java\jdk1.7.0_75\jre\bin\verify.dll
0x0000000067a20000 - 0x0000000067a48000 	C:\Program Files\Java\jdk1.7.0_75\jre\bin\java.dll
0x0000000067a00000 - 0x0000000067a15000 	C:\Program Files\Java\jdk1.7.0_75\jre\bin\zip.dll

VM Arguments:
jvm_args: -Xmx1024M -Dfile.encoding=windows-1252 -Duser.country=US -Duser.language=en -Duser.variant 
java_command: com.android.dx.command.Main --dex --output F:\Development\WorkSpace\Android\AmarLauncher\app\build\intermediates\dex\debug F:\Development\WorkSpace\Android\AmarLauncher\app\build\intermediates\classes\debug F:\Development\WorkSpace\Android\AmarLauncher\app\build\intermediates\pre-dexed\debug\support-annotations-22.2.1-2ea9d2aa7567938e446fafdf6c6482214e207896.jar F:\Development\WorkSpace\Android\AmarLauncher\app\build\intermediates\pre-dexed\debug\internal_impl-22.2.1-b1bbfe6663be4040b2b43c79740f72f57f3ad0bd.jar F:\Development\WorkSpace\Android\AmarLauncher\app\build\intermediates\pre-dexed\debug\classes-8c648e47ab3f97ef0c55f11a872c62143c7414c4.jar F:\Development\WorkSpace\Android\AmarLauncher\app\build\intermediates\pre-dexed\debug\classes-c5bddc882001c598862662620e3dd8b7c37e50c2.jar
Launcher Type: SUN_STANDARD

Environment Variables:
PATH=C:\ProgramData\Oracle\Java\javapath;C:\Program Files (x86)\Common Files\ArcSoft\Bin;C:\WINDOWS\system32;C:\WINDOWS;C:\WINDOWS\System32\Wbem;C:\WINDOWS\System32\WindowsPowerShell\v1.0\;C:\Program Files (x86)\Common Files\Ulead Systems\MPEG;C:\Program Files\Microsoft SQL Server\110\Tools\Binn\;C:\Program Files\Microsoft SQL Server\120\Tools\Binn\;C:\Program Files (x86)\Common Files\lenovo\easyplussdk\bin;C:\Program Files (x86)\CMake\bin;F:\Development\mingw\mingw64\bin;F:\Development\opencv-install\bin;C:\Program Files (x86)\Google\Chrome\Application;C:\ProgramData\Oracle\Java\javapath;C:\Program Files (x86)\Common Files\ArcSoft\Bin;C:\WINDOWS\system32;C:\WINDOWS;C:\WINDOWS\System32\Wbem;C:\WINDOWS\System32\WindowsPowerShell\v1.0\;C:\Program Files (x86)\Common Files\Ulead Systems\MPEG;C:\Program Files\Microsoft SQL Server\110\Tools\Binn\;C:\Program Files\Microsoft SQL Server\120\Tools\Binn\;C:\Program Files (x86)\Common Files\lenovo\easyplussdk\bin;F:\Software\Git\cmd;F:\Software\Git\mingw64\bin;F:\Software\Git\usr\bin
USERNAME=Md.Wahuduzzaman
OS=Windows_NT
PROCESSOR_IDENTIFIER=Intel64 Family 6 Model 23 Stepping 10, GenuineIntel



---------------  S Y S T E M  ---------------

OS: Windows 8.1 , 64 bit Build 9600 

CPU:total 2 (2 cores per cpu, 1 threads per core) family 6 model 23 stepping 10, cmov, cx8, fxsr, mmx, sse, sse2, sse3, ssse3, tsc

Memory: 4k page, physical 3072268k(185388k free), swap 4504980k(3624k free)

vm_info: Java HotSpot(TM) 64-Bit Server VM (24.75-b04) for windows-amd64 JRE (1.7.0_75-b13), built on Dec 18 2014 17:15:01 by "java_re" with unknown MS VC++:1600

time: Mon Feb 22 10:41:01 2016
elapsed time: 0 seconds

